<?xml version="1.0" encoding="UTF-8"?>
<testsuite name="com.hawkingrei.reader.ReaderApplicationTests" tests="1" skipped="0" failures="0" errors="0" timestamp="2017-07-27T01:02:19" hostname="192.168.3.2" time="0.45">
  <properties/>
  <testcase name="contextLoads" classname="com.hawkingrei.reader.ReaderApplicationTests" time="0.45"/>
  <system-out><![CDATA[09:02:09.101 [Test worker] DEBUG org.springframework.test.context.junit4.SpringJUnit4ClassRunner - SpringJUnit4ClassRunner constructor called with [class com.hawkingrei.reader.ReaderApplicationTests]
09:02:09.188 [Test worker] DEBUG org.springframework.test.context.BootstrapUtils - Instantiating CacheAwareContextLoaderDelegate from class [org.springframework.test.context.cache.DefaultCacheAwareContextLoaderDelegate]
09:02:09.240 [Test worker] DEBUG org.springframework.test.context.BootstrapUtils - Instantiating BootstrapContext using constructor [public org.springframework.test.context.support.DefaultBootstrapContext(java.lang.Class,org.springframework.test.context.CacheAwareContextLoaderDelegate)]
09:02:09.344 [Test worker] DEBUG org.springframework.test.context.BootstrapUtils - Instantiating TestContextBootstrapper for test class [com.hawkingrei.reader.ReaderApplicationTests] from class [org.springframework.boot.test.context.SpringBootTestContextBootstrapper]
09:02:09.419 [Test worker] INFO org.springframework.boot.test.context.SpringBootTestContextBootstrapper - Neither @ContextConfiguration nor @ContextHierarchy found for test class [com.hawkingrei.reader.ReaderApplicationTests], using SpringBootContextLoader
09:02:09.442 [Test worker] DEBUG org.springframework.test.context.support.AbstractContextLoader - Did not detect default resource location for test class [com.hawkingrei.reader.ReaderApplicationTests]: class path resource [com/hawkingrei/reader/ReaderApplicationTests-context.xml] does not exist
09:02:09.444 [Test worker] DEBUG org.springframework.test.context.support.AbstractContextLoader - Did not detect default resource location for test class [com.hawkingrei.reader.ReaderApplicationTests]: class path resource [com/hawkingrei/reader/ReaderApplicationTestsContext.groovy] does not exist
09:02:09.446 [Test worker] INFO org.springframework.test.context.support.AbstractContextLoader - Could not detect default resource locations for test class [com.hawkingrei.reader.ReaderApplicationTests]: no resource found for suffixes {-context.xml, Context.groovy}.
09:02:09.451 [Test worker] INFO org.springframework.test.context.support.AnnotationConfigContextLoaderUtils - Could not detect default configuration classes for test class [com.hawkingrei.reader.ReaderApplicationTests]: ReaderApplicationTests does not declare any static, non-private, non-final, nested classes annotated with @Configuration.
09:02:10.180 [Test worker] DEBUG org.springframework.test.context.support.ActiveProfilesUtils - Could not find an 'annotation declaring class' for annotation type [org.springframework.test.context.ActiveProfiles] and class [com.hawkingrei.reader.ReaderApplicationTests]
09:02:10.326 [Test worker] DEBUG org.springframework.core.env.StandardEnvironment - Adding [systemProperties] PropertySource with lowest search precedence
09:02:10.328 [Test worker] DEBUG org.springframework.core.env.StandardEnvironment - Adding [systemEnvironment] PropertySource with lowest search precedence
09:02:10.329 [Test worker] DEBUG org.springframework.core.env.StandardEnvironment - Initialized StandardEnvironment with PropertySources [systemProperties,systemEnvironment]
09:02:10.468 [Test worker] DEBUG org.springframework.core.io.support.PathMatchingResourcePatternResolver - Resolved classpath location [com/hawkingrei/reader/] to resources [URL [file:/Users/loveknut/mysearch/spring-greader/build/classes/test/com/hawkingrei/reader/], URL [file:/Users/loveknut/mysearch/spring-greader/build/classes/main/com/hawkingrei/reader/]]
09:02:10.475 [Test worker] DEBUG org.springframework.core.io.support.PathMatchingResourcePatternResolver - Looking for matching resources in directory tree [/Users/loveknut/mysearch/spring-greader/build/classes/test/com/hawkingrei/reader]
09:02:10.490 [Test worker] DEBUG org.springframework.core.io.support.PathMatchingResourcePatternResolver - Searching directory [/Users/loveknut/mysearch/spring-greader/build/classes/test/com/hawkingrei/reader] for files matching pattern [/Users/loveknut/mysearch/spring-greader/build/classes/test/com/hawkingrei/reader/*.class]
09:02:10.550 [Test worker] DEBUG org.springframework.core.io.support.PathMatchingResourcePatternResolver - Looking for matching resources in directory tree [/Users/loveknut/mysearch/spring-greader/build/classes/main/com/hawkingrei/reader]
09:02:10.550 [Test worker] DEBUG org.springframework.core.io.support.PathMatchingResourcePatternResolver - Searching directory [/Users/loveknut/mysearch/spring-greader/build/classes/main/com/hawkingrei/reader] for files matching pattern [/Users/loveknut/mysearch/spring-greader/build/classes/main/com/hawkingrei/reader/*.class]
09:02:10.556 [Test worker] DEBUG org.springframework.core.io.support.PathMatchingResourcePatternResolver - Resolved location pattern [classpath*:com/hawkingrei/reader/*.class] to resources [file [/Users/loveknut/mysearch/spring-greader/build/classes/test/com/hawkingrei/reader/ReaderApplicationTests.class], file [/Users/loveknut/mysearch/spring-greader/build/classes/main/com/hawkingrei/reader/ReaderApplication.class]]
09:02:11.482 [Test worker] DEBUG org.springframework.context.annotation.ClassPathScanningCandidateComponentProvider - Identified candidate component class: file [/Users/loveknut/mysearch/spring-greader/build/classes/main/com/hawkingrei/reader/ReaderApplication.class]
09:02:11.497 [Test worker] INFO org.springframework.boot.test.context.SpringBootTestContextBootstrapper - Found @SpringBootConfiguration com.hawkingrei.reader.ReaderApplication for test class com.hawkingrei.reader.ReaderApplicationTests
09:02:13.072 [Test worker] DEBUG org.springframework.boot.test.context.SpringBootTestContextBootstrapper - @TestExecutionListeners is not present for class [com.hawkingrei.reader.ReaderApplicationTests]: using defaults.
09:02:13.075 [Test worker] INFO org.springframework.boot.test.context.SpringBootTestContextBootstrapper - Loaded default TestExecutionListener class names from location [META-INF/spring.factories]: [org.springframework.boot.test.mock.mockito.MockitoTestExecutionListener, org.springframework.boot.test.mock.mockito.ResetMocksTestExecutionListener, org.springframework.boot.test.autoconfigure.restdocs.RestDocsTestExecutionListener, org.springframework.boot.test.autoconfigure.web.client.MockRestServiceServerResetTestExecutionListener, org.springframework.boot.test.autoconfigure.web.servlet.MockMvcPrintOnlyOnFailureTestExecutionListener, org.springframework.boot.test.autoconfigure.web.servlet.WebDriverTestExecutionListener, org.springframework.test.context.web.ServletTestExecutionListener, org.springframework.test.context.support.DirtiesContextBeforeModesTestExecutionListener, org.springframework.test.context.support.DependencyInjectionTestExecutionListener, org.springframework.test.context.support.DirtiesContextTestExecutionListener, org.springframework.test.context.transaction.TransactionalTestExecutionListener, org.springframework.test.context.jdbc.SqlScriptsTestExecutionListener]
09:02:13.220 [Test worker] INFO org.springframework.boot.test.context.SpringBootTestContextBootstrapper - Could not instantiate TestExecutionListener [org.springframework.test.context.transaction.TransactionalTestExecutionListener]. Specify custom listener classes or make the default listener classes (and their required dependencies) available. Offending class: [org/springframework/transaction/interceptor/TransactionAttributeSource]
09:02:13.235 [Test worker] INFO org.springframework.boot.test.context.SpringBootTestContextBootstrapper - Could not instantiate TestExecutionListener [org.springframework.test.context.web.ServletTestExecutionListener]. Specify custom listener classes or make the default listener classes (and their required dependencies) available. Offending class: [javax/servlet/ServletContext]
09:02:13.240 [Test worker] INFO org.springframework.boot.test.context.SpringBootTestContextBootstrapper - Could not instantiate TestExecutionListener [org.springframework.test.context.jdbc.SqlScriptsTestExecutionListener]. Specify custom listener classes or make the default listener classes (and their required dependencies) available. Offending class: [org/springframework/transaction/interceptor/TransactionAttribute]
09:02:13.242 [Test worker] INFO org.springframework.boot.test.context.SpringBootTestContextBootstrapper - Using TestExecutionListeners: [org.springframework.test.context.support.DirtiesContextBeforeModesTestExecutionListener@310158c4, org.springframework.boot.test.autoconfigure.SpringBootDependencyInjectionTestExecutionListener@67b7c58a, org.springframework.test.context.support.DirtiesContextTestExecutionListener@645af4d1, org.springframework.boot.test.autoconfigure.web.servlet.MockMvcPrintOnlyOnFailureTestExecutionListener@7f38cc8f, org.springframework.boot.test.autoconfigure.web.servlet.WebDriverTestExecutionListener@44446cd4, org.springframework.boot.test.autoconfigure.restdocs.RestDocsTestExecutionListener@1d866a43, org.springframework.boot.test.mock.mockito.MockitoTestExecutionListener@2e49e95e, org.springframework.boot.test.mock.mockito.ResetMocksTestExecutionListener@172c04ac, org.springframework.boot.test.autoconfigure.web.client.MockRestServiceServerResetTestExecutionListener@7069e851]
09:02:13.256 [Test worker] DEBUG org.springframework.test.annotation.ProfileValueUtils - Retrieved @ProfileValueSourceConfiguration [null] for test class [com.hawkingrei.reader.ReaderApplicationTests]
09:02:13.259 [Test worker] DEBUG org.springframework.test.annotation.ProfileValueUtils - Retrieved ProfileValueSource type [class org.springframework.test.annotation.SystemProfileValueSource] for class [com.hawkingrei.reader.ReaderApplicationTests]
09:02:13.262 [Test worker] DEBUG org.springframework.test.annotation.ProfileValueUtils - Retrieved @ProfileValueSourceConfiguration [null] for test class [com.hawkingrei.reader.ReaderApplicationTests]
09:02:13.294 [Test worker] DEBUG org.springframework.test.annotation.ProfileValueUtils - Retrieved ProfileValueSource type [class org.springframework.test.annotation.SystemProfileValueSource] for class [com.hawkingrei.reader.ReaderApplicationTests]
09:02:13.327 [Test worker] DEBUG org.springframework.test.context.support.AbstractDirtiesContextTestExecutionListener - Before test class: context [DefaultTestContext@f6c63d2 testClass = ReaderApplicationTests, testInstance = [null], testMethod = [null], testException = [null], mergedContextConfiguration = [MergedContextConfiguration@6b4714df testClass = ReaderApplicationTests, locations = '{}', classes = '{class com.hawkingrei.reader.ReaderApplication}', contextInitializerClasses = '[]', activeProfiles = '{}', propertySourceLocations = '{}', propertySourceProperties = '{org.springframework.boot.test.context.SpringBootTestContextBootstrapper=true}', contextCustomizers = set[org.springframework.boot.test.context.SpringBootTestContextCustomizer@784b35f9, org.springframework.boot.test.context.filter.ExcludeFilterContextCustomizer@782095b, org.springframework.boot.test.json.DuplicateJsonObjectContextCustomizerFactory$DuplicateJsonObjectContextCustomizer@321537e7, org.springframework.boot.test.mock.mockito.MockitoContextCustomizer@0, org.springframework.boot.test.autoconfigure.properties.PropertyMappingContextCustomizer@0, org.springframework.boot.test.autoconfigure.web.servlet.WebDriverContextCustomizerFactory$Customizer@2ea237e7], contextLoader = 'org.springframework.boot.test.context.SpringBootContextLoader', parent = [null]], attributes = map[[empty]]], class annotated with @DirtiesContext [false] with mode [null].
09:02:13.331 [Test worker] DEBUG org.springframework.test.annotation.ProfileValueUtils - Retrieved @ProfileValueSourceConfiguration [null] for test class [com.hawkingrei.reader.ReaderApplicationTests]
09:02:13.337 [Test worker] DEBUG org.springframework.test.annotation.ProfileValueUtils - Retrieved ProfileValueSource type [class org.springframework.test.annotation.SystemProfileValueSource] for class [com.hawkingrei.reader.ReaderApplicationTests]
09:02:13.357 [Test worker] DEBUG org.springframework.test.context.support.DependencyInjectionTestExecutionListener - Performing dependency injection for test context [[DefaultTestContext@f6c63d2 testClass = ReaderApplicationTests, testInstance = com.hawkingrei.reader.ReaderApplicationTests@3f64c33f, testMethod = [null], testException = [null], mergedContextConfiguration = [MergedContextConfiguration@6b4714df testClass = ReaderApplicationTests, locations = '{}', classes = '{class com.hawkingrei.reader.ReaderApplication}', contextInitializerClasses = '[]', activeProfiles = '{}', propertySourceLocations = '{}', propertySourceProperties = '{org.springframework.boot.test.context.SpringBootTestContextBootstrapper=true}', contextCustomizers = set[org.springframework.boot.test.context.SpringBootTestContextCustomizer@784b35f9, org.springframework.boot.test.context.filter.ExcludeFilterContextCustomizer@782095b, org.springframework.boot.test.json.DuplicateJsonObjectContextCustomizerFactory$DuplicateJsonObjectContextCustomizer@321537e7, org.springframework.boot.test.mock.mockito.MockitoContextCustomizer@0, org.springframework.boot.test.autoconfigure.properties.PropertyMappingContextCustomizer@0, org.springframework.boot.test.autoconfigure.web.servlet.WebDriverContextCustomizerFactory$Customizer@2ea237e7], contextLoader = 'org.springframework.boot.test.context.SpringBootContextLoader', parent = [null]], attributes = map[[empty]]]].
09:02:13.570 [Test worker] DEBUG org.springframework.core.env.StandardEnvironment - Adding [systemProperties] PropertySource with lowest search precedence
09:02:13.573 [Test worker] DEBUG org.springframework.core.env.StandardEnvironment - Adding [systemEnvironment] PropertySource with lowest search precedence
09:02:13.577 [Test worker] DEBUG org.springframework.core.env.StandardEnvironment - Initialized StandardEnvironment with PropertySources [systemProperties,systemEnvironment]
09:02:13.641 [Test worker] DEBUG org.springframework.test.context.support.TestPropertySourceUtils - Adding inlined properties to environment: {spring.jmx.enabled=false, org.springframework.boot.test.context.SpringBootTestContextBootstrapper=true, server.port=-1}
09:02:13.662 [Test worker] DEBUG org.springframework.core.env.StandardEnvironment - Adding [Inlined Test Properties] PropertySource with highest search precedence

  .   ____          _            __ _ _
 /\\ / ___'_ __ _ _(_)_ __  __ _ \ \ \ \
( ( )\___ | '_ | '_| | '_ \/ _` | \ \ \ \
 \\/  ___)| |_)| | | | | || (_| |  ) ) ) )
  '  |____| .__|_| |_|_| |_\__, | / / / /
 =========|_|==============|___/=/_/_/_/
 :: Spring Boot ::             (v2.0.0.M3)

2017-07-27 09:02:15.725  INFO 41101 --- [    Test worker] c.h.reader.ReaderApplicationTests        : Starting ReaderApplicationTests on 192.168.3.2 with PID 41101 (started by loveknut in /Users/loveknut/mysearch/spring-greader)
2017-07-27 09:02:15.900  INFO 41101 --- [    Test worker] c.h.reader.ReaderApplicationTests        : No active profile set, falling back to default profiles: default
2017-07-27 09:02:16.240  INFO 41101 --- [    Test worker] s.c.a.AnnotationConfigApplicationContext : Refreshing org.springframework.context.annotation.AnnotationConfigApplicationContext@153211a3: startup date [Thu Jul 27 09:02:16 CST 2017]; root of context hierarchy
2017-07-27 09:02:19.649  INFO 41101 --- [    Test worker] c.h.reader.ReaderApplicationTests        : Started ReaderApplicationTests in 5.972 seconds (JVM running for 18.59)
]]></system-out>
  <system-err><![CDATA[]]></system-err>
</testsuite>
